  lab1.2.cpp
C:\Users\Admin\source\repos\lab1.2\lab1.2\lab1.2.cpp(18,12): warning C4477: "printf": в строке форматирования "%d" требуется аргумент типа "int", но вариативный аргумент "1" имеет тип "size_t"
      C:\Users\Admin\source\repos\lab1.2\lab1.2\lab1.2.cpp(18,12):
      рекомендуется использовать "%zd" в строке форматирования
  
C:\Users\Admin\source\repos\lab1.2\lab1.2\lab1.2.cpp(22,12): warning C4477: "printf": в строке форматирования "%d" требуется аргумент типа "int", но вариативный аргумент "1" имеет тип "__int64"
      C:\Users\Admin\source\repos\lab1.2\lab1.2\lab1.2.cpp(22,12):
      рекомендуется использовать "%lld" в строке форматирования
      C:\Users\Admin\source\repos\lab1.2\lab1.2\lab1.2.cpp(22,12):
      рекомендуется использовать "%Id" в строке форматирования
      C:\Users\Admin\source\repos\lab1.2\lab1.2\lab1.2.cpp(22,12):
      рекомендуется использовать "%I64d" в строке форматирования
  
C:\Users\Admin\source\repos\lab1.2\lab1.2\lab1.2.cpp(29,12): warning C4477: "printf": в строке форматирования "%d" требуется аргумент типа "int", но вариативный аргумент "1" имеет тип "size_t"
      C:\Users\Admin\source\repos\lab1.2\lab1.2\lab1.2.cpp(29,12):
      рекомендуется использовать "%zd" в строке форматирования
  
C:\Users\Admin\source\repos\lab1.2\lab1.2\lab1.2.cpp(33,12): warning C4477: "printf": в строке форматирования "%d" требуется аргумент типа "int", но вариативный аргумент "1" имеет тип "__int64"
      C:\Users\Admin\source\repos\lab1.2\lab1.2\lab1.2.cpp(33,12):
      рекомендуется использовать "%lld" в строке форматирования
      C:\Users\Admin\source\repos\lab1.2\lab1.2\lab1.2.cpp(33,12):
      рекомендуется использовать "%Id" в строке форматирования
      C:\Users\Admin\source\repos\lab1.2\lab1.2\lab1.2.cpp(33,12):
      рекомендуется использовать "%I64d" в строке форматирования
  
C:\Users\Admin\source\repos\lab1.2\lab1.2\lab1.2.cpp(40,12): warning C4477: "printf": в строке форматирования "%d" требуется аргумент типа "int", но вариативный аргумент "1" имеет тип "size_t"
      C:\Users\Admin\source\repos\lab1.2\lab1.2\lab1.2.cpp(40,12):
      рекомендуется использовать "%zd" в строке форматирования
  
C:\Users\Admin\source\repos\lab1.2\lab1.2\lab1.2.cpp(44,12): warning C4477: "printf": в строке форматирования "%d" требуется аргумент типа "int", но вариативный аргумент "1" имеет тип "__int64"
      C:\Users\Admin\source\repos\lab1.2\lab1.2\lab1.2.cpp(44,12):
      рекомендуется использовать "%lld" в строке форматирования
      C:\Users\Admin\source\repos\lab1.2\lab1.2\lab1.2.cpp(44,12):
      рекомендуется использовать "%Id" в строке форматирования
      C:\Users\Admin\source\repos\lab1.2\lab1.2\lab1.2.cpp(44,12):
      рекомендуется использовать "%I64d" в строке форматирования
  
  lab1.2.vcxproj -> C:\Users\Admin\source\repos\lab1.2\x64\Debug\lab1.2.exe
